GNU gdb (Ubuntu 8.1-0ubuntu3.2) 8.1.0.20180409-git
Copyright (C) 2018 Free Software Foundation, Inc.
License GPLv3+: GNU GPL version 3 or later <http://gnu.org/licenses/gpl.html>
This is free software: you are free to change and redistribute it.
There is NO WARRANTY, to the extent permitted by law.  Type "show copying"
and "show warranty" for details.
This GDB was configured as "x86_64-linux-gnu".
Type "show configuration" for configuration details.
For bug reporting instructions, please see:
<http://www.gnu.org/software/gdb/bugs/>.
Find the GDB manual and other documentation resources online at:
<http://www.gnu.org/software/gdb/documentation/>.
For help, type "help".
Type "apropos word" to search for commands related to "word"...
Reading symbols from ./theotxserver...done.
[Thread debugging using libthread_db enabled]
Using host libthread_db library "/lib/x86_64-linux-gnu/libthread_db.so.1".
[New Thread 0x7ffff211e700 (LWP 5048)]
[New Thread 0x7ffff170b700 (LWP 5049)]
>> Checking inactive houses
Dawnfire Asura
> Broadcasted message: "[RealBaiak] Ao dominar o RealCastle a guild vencedora ganha um boost de 30% a mais de experience.".
> Broadcasted message: "[SEGURANÇA] Cadastre um E-Mail verdadeiro em sua conta do site e gere sua Recovery Key - Não seja hackeado! Site oficial: www.RealBaiak.com/".
> Broadcasted message: "[RealBaiak], Comandos úteis:
Auto Loot: !autoloot
Reparar Fire Walker: !repairfirewalker
Reparar Soft: !repairsoft
Vender pontos: !sellpoints
Saber quanto tempo de double exp: !doubleexp
Dar creu em um jogador: Creu".
> Broadcasted message: "FireStorm event starting in 3 minutes! The teleport will be closed when the event start!".
> Broadcasted message: "[Aviso de Segurança] NUNCA digite sua senha em sites que não sejam o OFICIAL e nem crie contas com a mesma senha em outros servidores. Site oficial: www.RealBaiak.com/".
> Broadcasted message: "FireStorm Event hasn't started beacuse there were not enough players.".
> Broadcasted message: "Servidor sera salvo e o mapa ficara limpo em um minuto, cuidado pode haver freeze!".
> Broadcasted message: "O mapa ficara limpo em 15 segundos, cuidado pode haver freeze!".
> Broadcasted message: "[Aviso de Segurança] NUNCA digite sua senha em sites que não sejam o OFICIAL e nem crie contas com a mesma senha em outros servidores. Site oficial: www.RealBaiak.com/".
> Broadcasted message: "[RealBaiak], Para ver quem está matando quem, abra o canal Mortes (Ctrl + O)".
> Broadcasted message: "[Aviso de Segurança] NUNCA digite sua senha em sites que não sejam o OFICIAL e nem crie contas com a mesma senha em outros servidores. Site oficial: www.RealBaiak.com/".
> Broadcasted message: "[RealBaiak] Ao dominar o RealCastle a guild vencedora ganha um boost de 30% a mais de experience.".
> Broadcasted message: "Servidor sera salvo e o mapa ficara limpo em um minuto, cuidado pode haver freeze!".
> Broadcasted message: "[SEGURANÇA] Cadastre um E-Mail verdadeiro em sua conta do site e gere sua Recovery Key - Não seja hackeado! Site oficial: www.RealBaiak.com/".
> Broadcasted message: "[ATENÇÃO] o PvP Castle iniciará em 5 minutos!!".
> Broadcasted message: "[PvP Castle] O acesso a Area de dominar do castelo esta liberado até as 22:00. Boa sorte a todas as guilds!".
> Broadcasted message: "[PvP Castle] O acesso a Area de dominar do castelo esta liberado até as 22:00. Boa sorte a todas as guilds!".
> Broadcasted message: "O mapa ficara limpo em 15 segundos, cuidado pode haver freeze!".
> Broadcasted message: "[RealBaiak] Ao dominar o RealCastle a guild vencedora ganha um boost de 30% a mais de experience.".
> Broadcasted message: "[PvP Castle] O acesso a Area de dominar do castelo esta liberado até as 22:00. Boa sorte a todas as guilds!".
> Broadcasted message: "[PvP Castle] O acesso a Area de dominar do castelo esta liberado até as 22:00. Boa sorte a todas as guilds!".
> Broadcasted message: "[PvP Castle] O acesso a Area de dominar do castelo esta liberado até as 22:00. Boa sorte a todas as guilds!".
> Broadcasted message: "[RealBaiak], Para ver quem está matando quem, abra o canal Mortes (Ctrl + O)".
> Broadcasted message: "[RealBaiak], Comandos úteis:
Auto Loot: !autoloot
Reparar Fire Walker: !repairfirewalker
Reparar Soft: !repairsoft
Vender pontos: !sellpoints
Saber quanto tempo de double exp: !doubleexp
Dar creu em um jogador: Creu".
> Broadcasted message: "Servidor sera salvo e o mapa ficara limpo em um minuto, cuidado pode haver freeze!".
> Broadcasted message: "[RealBaiak], Informação: O Npc Viajante se encontra no barco ao sudeste da PvP city.
Bom Jogo".
> Broadcasted message: "[RealBaiak], Comandos úteis:
Auto Loot: !autoloot
Reparar Fire Walker: !repairfirewalker
Reparar Soft: !repairsoft
Vender pontos: !sellpoints
Saber quanto tempo de double exp: !doubleexp
Dar creu em um jogador: Creu".
> Broadcasted message: "O mapa ficara limpo em 15 segundos, cuidado pode haver freeze!".
> Broadcasted message: "[RealBaiak] O servidor conta com um sistema de mining, quanto mais MC, mais dinheiro você pode fazer! http://RealBaiak.com/?subtopic=miningsystem.".
[Thread 0x7ffff211e700 (LWP 5048) exited]
[Thread 0x7ffff170b700 (LWP 5049) exited]
[Inferior 1 (process 5044) exited normally]
