[31/3/2020 18:41:20] /t
[31/3/2020 18:44:5] /reload globalevents
[31/3/2020 18:45:38] /reload globalevents
[31/3/2020 18:47:20] /reload globalevents
[31/3/2020 18:48:16] /goto 505,30,7
[31/3/2020 18:50:12] /goto 505,30,7
[31/3/2020 18:50:15] /t
[31/3/2020 18:50:19] /reload globalevents
[31/3/2020 19:17:19] /reload globalevents
[31/3/2020 19:21:16] /shutdown
[31/3/2020 21:52:10] /a 2
[31/3/2020 21:52:12] /r
[31/3/2020 21:52:20] /r
[31/3/2020 21:52:24] /shutdown
[31/3/2020 22:5:40] /closeserver
[31/3/2020 22:16:42] /a 100
[31/3/2020 22:17:0] /a 100/a 20
[31/3/2020 22:17:4] /a 4
[31/3/2020 22:17:13] /c [ADM] RealBaiak
[31/3/2020 22:34:51] /t
[1/4/2020 1:15:47] /addskill [adm] realbaiak, level, 100
[1/4/2020 1:15:48] /addskill [adm] realbaiak, level, 100
[1/4/2020 13:23:12] /closeserver
[2/4/2020 8:21:22] /closeserver
